<?xml version="1.0" encoding="UTF-8"?>
<testng-results skipped="0" failed="0" ignored="0" total="1" passed="1">
  <reporter-output>
  </reporter-output>
  <suite name="FreeCRM Testing" duration-ms="36418" started-at="2019-01-24T15:00:31Z" finished-at="2019-01-24T15:01:07Z">
    <groups>
    </groups>
    <test name="Login to User Profile" duration-ms="36418" started-at="2019-01-24T15:00:31Z" finished-at="2019-01-24T15:01:07Z">
      <class name="RegisterationANDLogin.Login">
        <test-method status="PASS" signature="config(java.lang.String, java.lang.String)[pri:0, instance:RegisterationANDLogin.Login@66a3ffec]" name="config" is-config="true" duration-ms="20924" started-at="2019-01-24T15:00:31Z" finished-at="2019-01-24T15:00:51Z">
          <params>
            <param index="0">
              <value>
                <![CDATA[https://www.freecrm.com/index.html]]>
              </value>
            </param>
            <param index="1">
              <value>
                <![CDATA[chrome]]>
              </value>
            </param>
          </params>
          <reporter-output>
          </reporter-output>
        </test-method> <!-- config -->
        <test-method status="PASS" signature="loginUser()[pri:0, instance:RegisterationANDLogin.Login@66a3ffec]" name="loginUser" duration-ms="15466" started-at="2019-01-24T15:00:51Z" finished-at="2019-01-24T15:01:07Z">
          <reporter-output>
          </reporter-output>
        </test-method> <!-- loginUser -->
        <test-method status="PASS" signature="tearDown()[pri:0, instance:RegisterationANDLogin.Login@66a3ffec]" name="tearDown" is-config="true" duration-ms="1" started-at="2019-01-24T15:01:07Z" finished-at="2019-01-24T15:01:07Z">
          <reporter-output>
          </reporter-output>
        </test-method> <!-- tearDown -->
      </class> <!-- RegisterationANDLogin.Login -->
    </test> <!-- Login to User Profile -->
  </suite> <!-- FreeCRM Testing -->
</testng-results>
