<?xml version="1.0" encoding="UTF-8"?>
<testng-results skipped="0" failed="1" ignored="2" total="4" passed="1">
  <reporter-output>
  </reporter-output>
  <suite name="FreeCRM Testing" duration-ms="32957" started-at="2019-01-25T11:36:22Z" finished-at="2019-01-25T11:36:55Z">
    <groups>
    </groups>
    <test name="Companies testing" duration-ms="32957" started-at="2019-01-25T11:36:22Z" finished-at="2019-01-25T11:36:55Z">
      <class name="registerationANDLogin.Login">
        <test-method status="PASS" signature="config(java.lang.String, java.lang.String)[pri:0, instance:registerationANDLogin.Login@77caeb3e]" name="config" is-config="true" duration-ms="15131" started-at="2019-01-25T11:36:22Z" finished-at="2019-01-25T11:36:37Z">
          <params>
            <param index="0">
              <value>
                <![CDATA[https://www.freecrm.com/index.html]]>
              </value>
            </param>
            <param index="1">
              <value>
                <![CDATA[chrome]]>
              </value>
            </param>
          </params>
          <reporter-output>
          </reporter-output>
        </test-method> <!-- config -->
        <test-method status="PASS" signature="loginUser()[pri:0, instance:registerationANDLogin.Login@77caeb3e]" name="loginUser" duration-ms="17761" started-at="2019-01-25T11:36:37Z" finished-at="2019-01-25T11:36:55Z">
          <reporter-output>
          </reporter-output>
        </test-method> <!-- loginUser -->
        <test-method status="PASS" signature="tearDown()[pri:0, instance:registerationANDLogin.Login@77caeb3e]" name="tearDown" is-config="true" duration-ms="0" started-at="2019-01-25T11:36:55Z" finished-at="2019-01-25T11:36:55Z">
          <reporter-output>
          </reporter-output>
        </test-method> <!-- tearDown -->
      </class> <!-- registerationANDLogin.Login -->
      <class name="manageCompanies.Company">
        <test-method status="FAIL" signature="addCompany()[pri:0, instance:manageCompanies.Company@1e88b3c]" name="addCompany" duration-ms="3" started-at="2019-01-25T11:36:55Z" finished-at="2019-01-25T11:36:55Z">
          <exception class="java.lang.NullPointerException">
            <full-stacktrace>
              <![CDATA[java.lang.NullPointerException
at manageCompanies.Company.addCompany(Company.java:18)
at sun.reflect.NativeMethodAccessorImpl.invoke0(Native Method)
at sun.reflect.NativeMethodAccessorImpl.invoke(Unknown Source)
at sun.reflect.DelegatingMethodAccessorImpl.invoke(Unknown Source)
at java.lang.reflect.Method.invoke(Unknown Source)
at org.testng.internal.MethodInvocationHelper.invokeMethod(MethodInvocationHelper.java:124)
at org.testng.internal.Invoker.invokeMethod(Invoker.java:580)
at org.testng.internal.Invoker.invokeTestMethod(Invoker.java:716)
at org.testng.internal.Invoker.invokeTestMethods(Invoker.java:988)
at org.testng.internal.TestMethodWorker.invokeTestMethods(TestMethodWorker.java:125)
at org.testng.internal.TestMethodWorker.run(TestMethodWorker.java:109)
at org.testng.TestRunner.privateRun(TestRunner.java:648)
at org.testng.TestRunner.run(TestRunner.java:505)
at org.testng.SuiteRunner.runTest(SuiteRunner.java:455)
at org.testng.SuiteRunner.runSequentially(SuiteRunner.java:450)
at org.testng.SuiteRunner.privateRun(SuiteRunner.java:415)
at org.testng.SuiteRunner.run(SuiteRunner.java:364)
at org.testng.SuiteRunnerWorker.runSuite(SuiteRunnerWorker.java:52)
at org.testng.SuiteRunnerWorker.run(SuiteRunnerWorker.java:84)
at org.testng.TestNG.runSuitesSequentially(TestNG.java:1208)
at org.testng.TestNG.runSuitesLocally(TestNG.java:1137)
at org.testng.TestNG.runSuites(TestNG.java:1049)
at org.testng.TestNG.run(TestNG.java:1017)
at org.testng.remote.AbstractRemoteTestNG.run(AbstractRemoteTestNG.java:114)
at org.testng.remote.RemoteTestNG.initAndRun(RemoteTestNG.java:251)
at org.testng.remote.RemoteTestNG.main(RemoteTestNG.java:77)
]]>
            </full-stacktrace>
          </exception> <!-- java.lang.NullPointerException -->
          <reporter-output>
          </reporter-output>
        </test-method> <!-- addCompany -->
      </class> <!-- manageCompanies.Company -->
    </test> <!-- Companies testing -->
  </suite> <!-- FreeCRM Testing -->
</testng-results>
