<?xml version="1.0" encoding="UTF-8"?>
<!-- Generated by org.testng.reporters.JUnitXMLReporter -->
<testsuite hostname="PC-PC" ignored="2" name="Companies testing" tests="2" failures="1" timestamp="25 Jan 2019 11:36:55 GMT" time="32.957" errors="0">
  <testcase name="loginUser" time="17.761" classname="registerationANDLogin.Login"/>
  <testcase name="addCompany" time="0.003" classname="manageCompanies.Company">
    <failure type="java.lang.NullPointerException">
      <![CDATA[java.lang.NullPointerException
at manageCompanies.Company.addCompany(Company.java:18)
... Removed 25 stack frames]]>
    </failure>
  </testcase> <!-- addCompany -->
  <testcase name="@AfterTest tearDown" time="0.0" classname="configuration.ConfigClass">
    <ignored/>
  </testcase> <!-- @AfterTest tearDown -->
  <testcase name="@BeforeTest config" time="0.0" classname="configuration.ConfigClass">
    <ignored/>
  </testcase> <!-- @BeforeTest config -->
</testsuite> <!-- Companies testing -->
